Turbo Assembler	 Version 3.1	    04/05/11 12:10:20	    Page 1
4.asm



      1	0000			     model small
      2	0000			     .stack 100h
      3	0000			     .data
      4	0000  32*(24)		     str1 db 50	dup("$")
      5	0032  02*(??)		     str2 db 2 dup(?)
      6	0034			     .code
      7	0000			     start:
      8	0000  B8 0000s		     mov ax,@data
      9	0003  8E D8		     mov ds,ax
     10	0005  8E C0		     mov     es,ax
     11	0007  33 C0		     xor     ax,ax
     12				      ;первая строка
     13	0009  B4 0A		      mov ah,0Ah
     14	000B  B9 0032		      mov cx,50
     15	000E  BB 0000		      mov bx,0
     16	0011  BA 0000r		      mov dx, offset str1
     17	0014  CD 21		      int 21h
     18
     19	0016  B8 4C00		     mov ax,4c00h
     20	0019  CD 21		     int 21h
     21				     end start
Turbo Assembler	 Version 3.1	    04/05/11 12:10:20	    Page 2
Symbol Table




Symbol Name		Type   Value			   Cref	(defined at #)

??DATE			Text   "04/05/11"
??FILENAME		Text   "4	"
??TIME			Text   "12:10:20"
??VERSION		Number 030A
@32BIT			Text   0			   #1
@CODE			Text   _TEXT			   #1  #1  #6
@CODESIZE		Text   0			   #1
@CPU			Text   0101H
@CURSEG			Text   _TEXT			   #3  #6
@DATA			Text   DGROUP			   #1  8
@DATASIZE		Text   0			   #1
@FILENAME		Text   4
@INTERFACE		Text   00H			   #1
@MODEL			Text   2			   #1
@STACK			Text   DGROUP			   #1
@WORDSIZE		Text   2			   #3  #6
START			Near   _TEXT:0000		   #7  21
STR1			Byte   DGROUP:0000		   #4  16
STR2			Byte   DGROUP:0032		   #5

Groups & Segments	Bit Size Align	Combine	Class	   Cref	(defined at #)

DGROUP			Group				   #1  1  8
  STACK			16  0100 Para	Stack	STACK	   #2
  _DATA			16  0034 Word	Public	DATA	   #1  #3
_TEXT			16  001B Word	Public	CODE	   #1  1  #6  6
