Turbo Assembler	 Version 3.1	    17/04/10 16:44:33	    Page 1
laba2_22.ASM



      1	0000			     model small
      2	0000			     .stack  100h
      3	0000			     .data
      4	0000  03		     m	     db	3
      5	0001  05		     n	     db	5
      6	0002  00		     fac     db	0
      7	0003  00		     fac_n   db	0
      8	0004  00		     fac_m   db	0
      9	0005  0000		     resul   dw	0
     10
     11	0007			     .code
     12				     ;
     13				     ;
     14	0000			     factorial proc near
     15	0000  B8 0001			     mov     ax,1
     16	0003			     cycle:
     17	0003  83 F9 01			     cmp     cx,1
     18	0006  74 04			     je	     exit
     19	0008  F7 E1			     mul     cx
     20	000A  E2 F7			     loop    cycle
     21	000C			     exit:
     22	000C  C3		     ret
     23	000D			     factorial endp
     24				     ;
     25				     ;
     26
     27	000D			     start proc
     28	000D  B8 0000s			     mov ax,@data
     29	0010  8E D8			     mov ds,ax
     30	0012  33 D2			     xor     dx,dx
     31	0014  33 C0			     xor     ax,ax
     32	0016  33 C9			     xor     cx,cx
     33	0018  8A 0E 0001r		     mov     cl,n
     34	001C  2A 0E 0000r		     sub     cl,m
     35	0020  E8 FFDD			     call    factorial
     36	0023  A2 0002r			     mov     fac,al
     37	0026  8A 0E 0001r		     mov     cl,n
     38	002A  E8 FFD3			     call    factorial
     39	002D  A2 0003r			     mov     fac_n,al
     40	0030  8A 0E 0000r		     mov     cl,m
     41	0034  E8 FFC9			     call    factorial
     42	0037  A2 0004r			     mov     fac_m,al
     43	003A  A0 0004r			     mov     al,fac_m
     44	003D  F6 26 0002r		     mul     fac
     45	0041  8B D0			     mov     dx,ax
     46	0043  33 C0			     xor     ax,ax
     47	0045  A0 0004r			     mov     al,fac_m
     48	0048  52			     push dx
     49	0049  33 D2			     xor dx,dx
     50	004B  5A			     pop dx
     51	004C  F7 F2			     div     dx
     52	004E  89 16 0005r		     mov     resul,dx
     53	0052  B8 4C00			     mov     ax,4c00h
     54	0055  CD 21			     int     21h     ;возврат управления операционной системе
     55	0057			     start endp
     56				     end     start
Turbo Assembler	 Version 3.1	    17/04/10 16:44:33	    Page 2
Symbol Table




Symbol Name		Type   Value			   Cref	(defined at #)

??DATE			Text   "17/04/10"
??FILENAME		Text   "laba2_22"
??TIME			Text   "16:44:33"
??VERSION		Number 030A
@32BIT			Text   0			   #1
@CODE			Text   _TEXT			   #1  #1  #11
@CODESIZE		Text   0			   #1
@CPU			Text   0101H
@CURSEG			Text   _TEXT			   #3  #11
@DATA			Text   DGROUP			   #1  28
@DATASIZE		Text   0			   #1
@FILENAME		Text   LABA2_22
@INTERFACE		Text   00H			   #1
@MODEL			Text   2			   #1
@STACK			Text   DGROUP			   #1
@WORDSIZE		Text   2			   #3  #11
CYCLE			Near   _TEXT:0003		   #16	20
EXIT			Near   _TEXT:000C		   18  #21
FAC			Byte   DGROUP:0002		   #6  36  44
FACTORIAL		Near   _TEXT:0000		   #14	35  38	41
FAC_M			Byte   DGROUP:0004		   #8  42  43  47
FAC_N			Byte   DGROUP:0003		   #7  39
M			Byte   DGROUP:0000		   #4  34  40
N			Byte   DGROUP:0001		   #5  33  37
RESUL			Word   DGROUP:0005		   #9  52
START			Near   _TEXT:000D		   #27	56

Groups & Segments	Bit Size Align	Combine	Class	   Cref	(defined at #)

DGROUP			Group				   #1  1  28
  STACK			16  0100 Para	Stack	STACK	   #2
  _DATA			16  0007 Word	Public	DATA	   #1  #3
_TEXT			16  0057 Word	Public	CODE	   #1  1  #11  11
