Turbo Assembler	 Version 3.1	    18/02/12 10:57:27	    Page 1
laba1_1.asm



      1				     ;лабораторная №1
      2	0000			     model small
      3	0000			     .stack  100h
      4	0000			     .data
      5	      =0002		     argument1	 equ 2
      6	      =000A		     len equ 10	     ;количество элементов в mas
      7	0000  01 0B 09 08 03 07	08+  mas     db	     1,11,9,8,3,7,8,0,2,6
      8	      00 02 06
      9	000A  0A*(??)		     res   db	 10 dup(?)
     10	0014			     .code
     11	0000			     start:
     12	0000  B8 0000s			     mov     ax,@data
     13	0003  8E D8			     mov     ds,ax
     14	0005  B9 000A			     mov     cx,len  ;длину поля mas в cx
     15	0008  33 F6			     xor si,si
     16	000A  E3 2C			     jcxz    exit    ;проверка cx на 0,	если 0,	то на выход
     17	000C			     cycl:
     18	000C  33 C0			     xor ax,ax
     19	000E  80 BC 0000r 0A		     cmp     mas[si],10	     ;сравнить очередной элемент mas с 10
     20	0013  77 1A			     ja	 m1  ;если >10,	то на m1
     21	0015  B0 02			     mov al,argument1	     ;умножение	y=ax
     22	0017  F6 A4 0000r		     mul mas[si]
     23	001B  88 84 000Ar		     mov res[si],al
     24	001F  80 BC 0000r 05		     cmp mas[si],5
     25	0024  76 0F			     jbe nxt ;если <=5,	то на nxt
     26	0026  B0 02			     mov al,argument1
     27	0028  00 84 000Ar		     add res[si],al  ;+a
     28	002C  EB 07 90			     jmp nxt
     29	002F			     m1:
     30	002F  B0 00			     mov al,0
     31	0031  88 84 000Ar		     mov res[si],al
     32	0035			     nxt:
     33	0035  46			     inc     si	     ;перейти к	следующему элементу
     34	0036  E2 D4			     loop cycl
     35	0038			     exit:
     36	0038  B8 4C00			     mov     ax,4c00h
     37	003B  CD 21			     int     21h     ;возврат управления операционной системе
     38				     end     start
Turbo Assembler	 Version 3.1	    18/02/12 10:57:27	    Page 2
Symbol Table




Symbol Name		Type   Value			   Cref	(defined at #)

??DATE			Text   "18/02/12"
??FILENAME		Text   "laba1_1	"
??TIME			Text   "10:57:27"
??VERSION		Number 030A
@32BIT			Text   0			   #2
@CODE			Text   _TEXT			   #2  #2  #10
@CODESIZE		Text   0			   #2
@CPU			Text   0101H
@CURSEG			Text   _TEXT			   #4  #10
@DATA			Text   DGROUP			   #2  12
@DATASIZE		Text   0			   #2
@FILENAME		Text   LABA1_1
@INTERFACE		Text   00H			   #2
@MODEL			Text   2			   #2
@STACK			Text   DGROUP			   #2
@WORDSIZE		Text   2			   #4  #10
ARGUMENT1		Number 0002			   #5  21  26
CYCL			Near   _TEXT:000C		   #17	34
EXIT			Near   _TEXT:0038		   16  #35
LEN			Number 000A			   #6  14
M1			Near   _TEXT:002F		   20  #29
MAS			Byte   DGROUP:0000		   #7  19  22  24
NXT			Near   _TEXT:0035		   25  28  #32
RES			Byte   DGROUP:000A		   #9  23  27  31
START			Near   _TEXT:0000		   #11	38

Groups & Segments	Bit Size Align	Combine	Class	   Cref	(defined at #)

DGROUP			Group				   #2  2  12
  STACK			16  0100 Para	Stack	STACK	   #3
  _DATA			16  0014 Word	Public	DATA	   #2  #4
_TEXT			16  003D Word	Public	CODE	   #2  2  #10  10
