Turbo Assembler	 Version 3.1	    09/03/13 13:59:37	    Page 1
lll1.asm



      1	0000			     model small
      2	0000			     .stack 100h
      3	0000			     .data
      4	0000  01 0E 09 0A 0D 07	01+  mas db 1,14,9,10,13,7,1,12,6,5
      5	      0C 06 05
      6	000A  00 00 00 00 00 00	00+  res db 0,0,0,0,0,0,0,0,0,0
      7	      00 00 00
      8	      =000A		     len equ 10
      9	0014			     .code
     10	0000			     start:
     11	0000  B8 0000s		     mov ax,@data
     12	0003  8E D8		     mov ds,ax
     13	0005  B9 000A		     mov cx,len
     14	0008  33 F6		     xor si,si
     15	000A  33 FF		     xor di,di
     16	000C  E3 30		     jcxz exit
     17	000E			     cycl:
     18	000E  33 F6		     xor si,si
     19	0010  51		     push cx
     20	0011  B9 000A		     mov cx,len
     21	0014			     cycl1:
     22	0014  33 C0		     xor ax,ax
     23	0016  8A 85 000Ar	     mov al,res[di]
     24	001A  38 84 0000r	     cmp mas[si],al
     25	001E  77 03		     ja	m1
     26	0020  EB 0D 90		     jmp m2
     27	0023			     m1:
     28	0023  32 C0		     xor al,al
     29	0025  8A 84 0000r	     mov al,mas[si]
     30	0029  88 85 000Ar	     mov res[di],al
     31	002D  8B D6		     mov dx,si
     32	002F			     m2:
     33	002F  46		     inc si
     34	0030  E2 E2		     loop cycl1
     35	0032  59		     pop cx
     36	0033  8B F2		     mov si,dx
     37	0035  B2 00		     mov dl,0
     38	0037  88 94 0000r	     mov mas[si],dl
     39	003B  47		     inc di
     40	003C  E2 D0		     loop cycl
     41	003E			     exit:
     42	003E  B8 4C00		     mov ax,4c00h
     43	0041  CD 21		     int 21h
     44				     end start
Turbo Assembler	 Version 3.1	    09/03/13 13:59:37	    Page 2
Symbol Table




Symbol Name		Type   Value			   Cref	(defined at #)

??DATE			Text   "09/03/13"
??FILENAME		Text   "lll1	"
??TIME			Text   "13:59:37"
??VERSION		Number 030A
@32BIT			Text   0			   #1
@CODE			Text   _TEXT			   #1  #1  #9
@CODESIZE		Text   0			   #1
@CPU			Text   0101H
@CURSEG			Text   _TEXT			   #3  #9
@DATA			Text   DGROUP			   #1  11
@DATASIZE		Text   0			   #1
@FILENAME		Text   LLL1
@INTERFACE		Text   00H			   #1
@MODEL			Text   2			   #1
@STACK			Text   DGROUP			   #1
@WORDSIZE		Text   2			   #3  #9
CYCL			Near   _TEXT:000E		   #17	40
CYCL1			Near   _TEXT:0014		   #21	34
EXIT			Near   _TEXT:003E		   16  #41
LEN			Number 000A			   #8  13  20
M1			Near   _TEXT:0023		   25  #27
M2			Near   _TEXT:002F		   26  #32
MAS			Byte   DGROUP:0000		   #4  24  29  38
RES			Byte   DGROUP:000A		   #6  23  30
START			Near   _TEXT:0000		   #10	44

Groups & Segments	Bit Size Align	Combine	Class	   Cref	(defined at #)

DGROUP			Group				   #1  1  11
  STACK			16  0100 Para	Stack	STACK	   #2
  _DATA			16  0014 Word	Public	DATA	   #1  #3
_TEXT			16  0043 Word	Public	CODE	   #1  1  #9  9
