Turbo Assembler	 Version 3.1	    23/03/13 15:26:36	    Page 1
n2.asm



      1	0000			     model small
      2	0000			     .stack 100h
      3	0000			     .data
      4	0000  00		     res1 db 0
      5	0001  00		     res2 db 0
      6	      =0005		     n equ 5
      7	      =0003		     m equ 3
      8	      =0006		     k equ 6
      9	      =0004		     l equ 4
     10	0002			     .code
     11
     12	0000			     start:
     13	0000  B8 0000s		     mov ax,@data
     14	0003  8E D8		     mov ds,ax
     15	0005  B9 0003		     mov cx,m
     16	0008  B8 0005		     mov ax,n
     17	000B  E8 0012		     call prog
     18	000E  A2 0000r		     mov res1,al
     19	0011  B8 0006		     mov ax,k
     20	0014  B9 0004		     mov cx,l
     21	0017  E8 0006		     call prog
     22	001A  A2 0001r		     mov res2,al
     23
     24	001D  EB 2F 90		     jmp m1
     25	0020			     prog proc
     26	0020  50		     push ax
     27	0021  51		     push cx
     28	0022  1B C1		     sbb ax,cx
     29	0024  E8 0017		     call fac
     30	0027  59		     pop cx
     31	0028  50		     push ax
     32	0029  8B C1		     mov ax,cx
     33	002B  E8 0010		     call fac
     34	002E  8B D0		     mov dx,ax
     35	0030  58		     pop ax
     36	0031  F7 E2		     mul dx
     37	0033  59		     pop cx
     38	0034  50		     push ax
     39	0035  8B C1		     mov ax,cx
     40	0037  E8 0004		     call fac
     41	003A  5B		     pop bx
     42	003B  F7 F3		     div bx
     43	003D  C3		     ret
     44	003E			     prog endp
     45
     46	003E			     fac proc
     47	003E  33 DB		     xor bx,bx
     48	0040  BB 0001		     mov bx,1
     49	0043  8B C8		     mov cx,ax
     50	0045  B8 0001		     mov ax,1
     51	0048			     cycl:
     52	0048  F7 E3		     mul bx
     53	004A  43		     inc bx
     54	004B  E2 FB		     loop cycl
     55	004D  C3		     ret
     56	004E			     fac endp
     57	004E			     m1:
Turbo Assembler	 Version 3.1	    23/03/13 15:26:36	    Page 2
n2.asm



     58
     59	004E			     exit:
     60	004E  B8 4C00		     mov ax,4c00h
     61	0051  CD 21		     int 21h
     62				     end start
Turbo Assembler	 Version 3.1	    23/03/13 15:26:36	    Page 3
Symbol Table




Symbol Name		Type   Value			   Cref	(defined at #)

??DATE			Text   "23/03/13"
??FILENAME		Text   "n2	"
??TIME			Text   "15:26:36"
??VERSION		Number 030A
@32BIT			Text   0			   #1
@CODE			Text   _TEXT			   #1  #1  #10
@CODESIZE		Text   0			   #1
@CPU			Text   0101H
@CURSEG			Text   _TEXT			   #3  #10
@DATA			Text   DGROUP			   #1  13
@DATASIZE		Text   0			   #1
@FILENAME		Text   N2
@INTERFACE		Text   00H			   #1
@MODEL			Text   2			   #1
@STACK			Text   DGROUP			   #1
@WORDSIZE		Text   2			   #3  #10
CYCL			Near   _TEXT:0048		   #51	54
EXIT			Near   _TEXT:004E		   #59
FAC			Near   _TEXT:003E		   29  33  40  #46
K			Number 0006			   #8  19
L			Number 0004			   #9  20
M			Number 0003			   #7  15
M1			Near   _TEXT:004E		   24  #57
N			Number 0005			   #6  16
PROG			Near   _TEXT:0020		   17  21  #25
RES1			Byte   DGROUP:0000		   #4  18
RES2			Byte   DGROUP:0001		   #5  22
START			Near   _TEXT:0000		   #12	62

Groups & Segments	Bit Size Align	Combine	Class	   Cref	(defined at #)

DGROUP			Group				   #1  1  13
  STACK			16  0100 Para	Stack	STACK	   #2
  _DATA			16  0002 Word	Public	DATA	   #1  #3
_TEXT			16  0053 Word	Public	CODE	   #1  1  #10  10
